<?xml version="1.0" encoding="UTF-8"?>
<!-- Generated by org.testng.reporters.JUnitReportReporter -->
<testsuite skipped="0" hostname="DESKTOP-AGMS0KT" name="PDFReader.PDFReader.PDFReaderTest" tests="1" failures="0" timestamp="16 Jan 2021 07:31:37 GMT" time="8.827" errors="0">
  <testcase name="readPDF" time="8.827" classname="PDFReader.PDFReader.PDFReaderTest"/>
</testsuite> <!-- PDFReader.PDFReader.PDFReaderTest -->
